<?xml version="1.0" encoding="UTF-8"?>
<!-- Generated by org.testng.reporters.JUnitReportReporter -->
<testsuite skipped="0" hostname="LAPTOP-3QFU5V9B" name="automation.demo.loginPage" tests="1" failures="0" timestamp="2020-12-08T13:36:46 IST" time="16.149" errors="0">
  <testcase name="loginNavigation" time="16.149" classname="automation.demo.loginPage"/>
  <system-out/>
</testsuite> <!-- automation.demo.loginPage -->
