<?xml version="1.0" encoding="UTF-8"?>
<!-- Generated by org.testng.reporters.JUnitReportReporter -->
<testsuite skipped="0" hostname="LAPTOP-3QFU5V9B" name="automation.demo.signIn" tests="1" failures="0" timestamp="2021-01-04T13:38:00 IST" time="61.886" errors="0">
  <testcase name="test_login_Navigation" time="61.886" classname="automation.demo.signIn"/>
  <system-out/>
</testsuite> <!-- automation.demo.signIn -->
