<?xml version="1.0" encoding="UTF-8"?>
<!-- Generated by org.testng.reporters.JUnitReportReporter -->
<testsuite skipped="0" hostname="LAPTOP-3QFU5V9B" name="automation.demo.signIn" tests="1" failures="0" timestamp="2021-01-06T16:22:46 IST" time="63.950" errors="0">
  <testcase name="test_login_Navigation" time="63.950" classname="automation.demo.signIn"/>
  <system-out/>
</testsuite> <!-- automation.demo.signIn -->
